CLEANED   refs=6 footnotes=yes  volume_10_employment_authorization/part_a_employment_authorization_policies_and_procedures/chapter_1_purpose_and_background.md
CLEANED   refs=96 footnotes=yes  volume_10_employment_authorization/part_a_employment_authorization_policies_and_procedures/chapter_2_eligibility_requirements.md
EXCLUDED    volume_10_employment_authorization/part_a_employment_authorization_policies_and_procedures/chapter_3_documentation_and_evidence_reserved.md
CLEANED   refs=85 footnotes=yes  volume_10_employment_authorization/part_a_employment_authorization_policies_and_procedures/chapter_4_adjudication.md
EXCLUDED    volume_10_employment_authorization/part_a_employment_authorization_policies_and_procedures/chapter_5_reserved.md
EXCLUDED    volume_10_employment_authorization/part_a_employment_authorization_policies_and_procedures/chapter_6_card_production_and_card_correction_reserved.md
EXCLUDED    volume_10_employment_authorization/part_a_employment_authorization_policies_and_procedures/chapter_7_post_decision_actions_reserved.md
CLEANED   refs=3 footnotes=yes  volume_10_employment_authorization/part_b_specific_categories/chapter_1_purpose_and_background.md
CLEANED   refs=5 footnotes=yes  volume_10_employment_authorization/part_b_specific_categories/chapter_2_employment_authorization_for_certain_h_4_e_and_l_nonimmigrant_dependent_spouses.md
CLEANED   refs=15 footnotes=yes  volume_10_employment_authorization/part_b_specific_categories/chapter_3_certain_employment_based_immigrants_in_compelling_circumstances.md
EXCLUDED    volume_10_employment_authorization/part_b_specific_categories/chapter_4_reserved.md
CLEANED   refs=4 footnotes=yes  volume_11_travel_and_identity_documents/part_a_secure_identity_documents_policies_and_procedures/chapter_1_purpose_and_background.md
CLEANED   refs=16 footnotes=yes  volume_11_travel_and_identity_documents/part_a_secure_identity_documents_policies_and_procedures/chapter_2_uscis_issued_secure_identity_documents.md
CLEANED   refs=16 footnotes=yes  volume_11_travel_and_identity_documents/part_a_secure_identity_documents_policies_and_procedures/chapter_3_reissuance_of_secure_identity_documents.md
CLEANED   refs=11 footnotes=yes  volume_11_travel_and_identity_documents/part_b_permanent_resident_cards/chapter_1_purpose_and_background.md
CLEANED   refs=40 footnotes=yes  volume_11_travel_and_identity_documents/part_b_permanent_resident_cards/chapter_2_replacement_of_permanent_resident_card.md
COPIED    refs=0 footnotes=no  volume_11_travel_and_identity_documents/part_b_permanent_resident_cards/chapter_3_expired_permanent_resident_cards.md
CLEANED   refs=9 footnotes=yes  volume_11_travel_and_identity_documents/part_b_permanent_resident_cards/chapter_4_commuter_cards.md
CLEANED   refs=2 footnotes=yes  volume_11_travel_and_identity_documents/part_f_arrival_departure_records/chapter_1_purpose_and_background.md
CLEANED   refs=14 footnotes=yes  volume_11_travel_and_identity_documents/part_f_arrival_departure_records/chapter_2_application_for_replacementinitial_nonimmigrant_arrival_departure_record_form_i_102.md
CLEANED   refs=1 footnotes=yes  volume_12_citizenship_and_naturalization/part_a_citizenship_and_naturalization_policies_and_procedures/chapter_1_purpose_and_background.md
CLEANED   refs=6 footnotes=yes  volume_12_citizenship_and_naturalization/part_a_citizenship_and_naturalization_policies_and_procedures/chapter_2_becoming_a_us_citizen.md
CLEANED   refs=4 footnotes=yes  volume_12_citizenship_and_naturalization/part_a_citizenship_and_naturalization_policies_and_procedures/chapter_3_uscis_authority_to_naturalize.md
CLEANED   refs=6 footnotes=yes  volume_12_citizenship_and_naturalization/part_b_naturalization_examination/chapter_1_purpose_and_background.md
CLEANED   refs=8 footnotes=yes  volume_12_citizenship_and_naturalization/part_b_naturalization_examination/chapter_2_background_and_security_checks.md
CLEANED   refs=37 footnotes=yes  volume_12_citizenship_and_naturalization/part_b_naturalization_examination/chapter_3_naturalization_interview.md
CLEANED   refs=19 footnotes=yes  volume_12_citizenship_and_naturalization/part_b_naturalization_examination/chapter_4_results_of_the_naturalization_examination.md
CLEANED   refs=7 footnotes=yes  volume_12_citizenship_and_naturalization/part_b_naturalization_examination/chapter_5_motion_to_reopen.md
CLEANED   refs=17 footnotes=yes  volume_12_citizenship_and_naturalization/part_b_naturalization_examination/chapter_6_uscis_hearing_and_judicial_review.md
CLEANED   refs=8 footnotes=yes  volume_12_citizenship_and_naturalization/part_c_accommodations/chapter_1_purpose_and_background.md
CLEANED   refs=1 footnotes=yes  volume_12_citizenship_and_naturalization/part_c_accommodations/chapter_2_accommodation_policies_and_procedures.md
CLEANED   refs=12 footnotes=yes  volume_12_citizenship_and_naturalization/part_c_accommodations/chapter_3_types_of_accommodations.md
CLEANED   refs=3 footnotes=yes  volume_12_citizenship_and_naturalization/part_d_general_naturalization_requirements/chapter_1_purpose_and_background.md
CLEANED   refs=151 footnotes=yes  volume_12_citizenship_and_naturalization/part_d_general_naturalization_requirements/chapter_2_lawful_permanent_resident_admission_for_naturalization.md
CLEANED   refs=43 footnotes=yes  volume_12_citizenship_and_naturalization/part_d_general_naturalization_requirements/chapter_3_continuous_residence.md
CLEANED   refs=3 footnotes=yes  volume_12_citizenship_and_naturalization/part_d_general_naturalization_requirements/chapter_4_physical_presence.md
CLEANED   refs=30 footnotes=yes  volume_12_citizenship_and_naturalization/part_d_general_naturalization_requirements/chapter_5_modifications_and_exceptions_to_continuous_residence_and_physical_presence.md
CLEANED   refs=15 footnotes=yes  volume_12_citizenship_and_naturalization/part_d_general_naturalization_requirements/chapter_6_jurisdiction_place_of_residence_and_early_filing.md
CLEANED   refs=24 footnotes=yes  volume_12_citizenship_and_naturalization/part_d_general_naturalization_requirements/chapter_7_attachment_to_the_constitution.md
CLEANED   refs=1 footnotes=yes  volume_12_citizenship_and_naturalization/part_d_general_naturalization_requirements/chapter_8_educational_requirements.md
CLEANED   refs=1 footnotes=yes  volume_12_citizenship_and_naturalization/part_d_general_naturalization_requirements/chapter_9_good_moral_character.md
CLEANED   refs=19 footnotes=yes  volume_12_citizenship_and_naturalization/part_e_english_and_civics_testing_and_exceptions/chapter_1_purpose_and_background.md
CLEANED   refs=20 footnotes=yes  volume_12_citizenship_and_naturalization/part_e_english_and_civics_testing_and_exceptions/chapter_2_english_and_civics_testing.md
CLEANED   refs=37 footnotes=yes  volume_12_citizenship_and_naturalization/part_e_english_and_civics_testing_and_exceptions/chapter_3_medical_disability_exception_form_n_648.md
CLEANED   refs=20 footnotes=yes  volume_12_citizenship_and_naturalization/part_f_good_moral_character/chapter_1_purpose_and_background.md
CLEANED   refs=47 footnotes=yes  volume_12_citizenship_and_naturalization/part_f_good_moral_character/chapter_2_adjudicative_factors.md
CLEANED   refs=5 footnotes=yes  volume_12_citizenship_and_naturalization/part_f_good_moral_character/chapter_3_evidence_and_the_record.md
CLEANED   refs=14 footnotes=yes  volume_12_citizenship_and_naturalization/part_f_good_moral_character/chapter_4_permanent_bars_to_good_moral_character.md
CLEANED   refs=141 footnotes=yes  volume_12_citizenship_and_naturalization/part_f_good_moral_character/chapter_5_conditional_bars_for_acts_in_statutory_period.md
CLEANED   refs=8 footnotes=yes  volume_12_citizenship_and_naturalization/part_g_spouses_of_us_citizens/chapter_1_purpose_and_background.md
CLEANED   refs=31 footnotes=yes  volume_12_citizenship_and_naturalization/part_g_spouses_of_us_citizens/chapter_2_marriage_and_marital_union_for_naturalization.md
CLEANED   refs=24 footnotes=yes  volume_12_citizenship_and_naturalization/part_g_spouses_of_us_citizens/chapter_3_spouses_of_us_citizens_residing_in_the_united_states.md
CLEANED   refs=26 footnotes=yes  volume_12_citizenship_and_naturalization/part_g_spouses_of_us_citizens/chapter_4_spouses_of_us_citizens_employed_abroad.md
CLEANED   refs=15 footnotes=yes  volume_12_citizenship_and_naturalization/part_g_spouses_of_us_citizens/chapter_5_conditional_permanent_resident_spouses_and_naturalization.md
CLEANED   refs=12 footnotes=yes  volume_12_citizenship_and_naturalization/part_h_children_of_us_citizens/chapter_1_purpose_and_background.md
CLEANED   refs=43 footnotes=yes  volume_12_citizenship_and_naturalization/part_h_children_of_us_citizens/chapter_2_definition_of_child_and_residence_for_citizenship_and_naturalization.md
CLEANED   refs=68 footnotes=yes  volume_12_citizenship_and_naturalization/part_h_children_of_us_citizens/chapter_3_us_citizens_at_birth_ina_301_and_309.md
CLEANED   refs=81 footnotes=yes  volume_12_citizenship_and_naturalization/part_h_children_of_us_citizens/chapter_4_automatic_acquisition_of_citizenship_after_birth_ina_320.md
CLEANED   refs=38 footnotes=yes  volume_12_citizenship_and_naturalization/part_h_children_of_us_citizens/chapter_5_child_residing_outside_the_united_states_ina_322.md
CLEANED   refs=16 footnotes=yes  volume_12_citizenship_and_naturalization/part_h_children_of_us_citizens/chapter_6_special_provisions_for_the_naturalization_of_children.md
CLEANED   refs=62 footnotes=yes  volume_12_citizenship_and_naturalization/part_h_children_of_us_citizens/chapter_7_deriving_citizenship_before_the_child_citizenship_act_of_2000_former_ina_321_and_320.md
CLEANED   refs=19 footnotes=yes  volume_12_citizenship_and_naturalization/part_i_military_members_and_their_families/chapter_1_purpose_and_background.md
CLEANED   refs=28 footnotes=yes  volume_12_citizenship_and_naturalization/part_i_military_members_and_their_families/chapter_2_one_year_of_military_service_during_peacetime_ina_328.md
CLEANED   refs=59 footnotes=yes  volume_12_citizenship_and_naturalization/part_i_military_members_and_their_families/chapter_3_military_service_during_hostilities_ina_329.md
CLEANED   refs=12 footnotes=yes  volume_12_citizenship_and_naturalization/part_i_military_members_and_their_families/chapter_4_permanent_bars_to_naturalization.md
CLEANED   refs=17 footnotes=yes  volume_12_citizenship_and_naturalization/part_i_military_members_and_their_families/chapter_5_application_and_filing_for_service_members_ina_328_and_329.md
CLEANED   refs=5 footnotes=yes  volume_12_citizenship_and_naturalization/part_i_military_members_and_their_families/chapter_6_required_background_checks.md
CLEANED   refs=1 footnotes=yes  volume_12_citizenship_and_naturalization/part_i_military_members_and_their_families/chapter_7_revocation_of_naturalization.md
CLEANED   refs=7 footnotes=yes  volume_12_citizenship_and_naturalization/part_i_military_members_and_their_families/chapter_8_posthumous_citizenship_ina_329a.md
CLEANED   refs=49 footnotes=yes  volume_12_citizenship_and_naturalization/part_i_military_members_and_their_families/chapter_9_spouses_children_and_surviving_family_benefits.md
CLEANED   refs=16 footnotes=yes  volume_12_citizenship_and_naturalization/part_j_oath_of_allegiance/chapter_1_purpose_and_background.md
CLEANED   refs=7 footnotes=yes  volume_12_citizenship_and_naturalization/part_j_oath_of_allegiance/chapter_2_the_oath_of_allegiance.md
CLEANED   refs=20 footnotes=yes  volume_12_citizenship_and_naturalization/part_j_oath_of_allegiance/chapter_3_oath_of_allegiance_modifications_and_waivers.md
CLEANED   refs=8 footnotes=yes  volume_12_citizenship_and_naturalization/part_j_oath_of_allegiance/chapter_4_general_considerations_for_all_oath_ceremonies.md
CLEANED   refs=48 footnotes=yes  volume_12_citizenship_and_naturalization/part_j_oath_of_allegiance/chapter_5_administrative_naturalization_ceremonies.md
CLEANED   refs=3 footnotes=yes  volume_12_citizenship_and_naturalization/part_j_oath_of_allegiance/chapter_6_judicial_and_expedited_oath_ceremonies.md
CLEANED   refs=6 footnotes=yes  volume_12_citizenship_and_naturalization/part_k_certificates_of_citizenship_and_naturalization/chapter_1_purpose_and_background.md
CLEANED   refs=14 footnotes=yes  volume_12_citizenship_and_naturalization/part_k_certificates_of_citizenship_and_naturalization/chapter_2_certificate_of_citizenship.md
CLEANED   refs=13 footnotes=yes  volume_12_citizenship_and_naturalization/part_k_certificates_of_citizenship_and_naturalization/chapter_3_certificate_of_naturalization.md
CLEANED   refs=11 footnotes=yes  volume_12_citizenship_and_naturalization/part_k_certificates_of_citizenship_and_naturalization/chapter_4_application_for_replacement_of_naturalizationcitizenship_document.md
CLEANED   refs=6 footnotes=yes  volume_12_citizenship_and_naturalization/part_k_certificates_of_citizenship_and_naturalization/chapter_5_cancellation_of_certificate_of_citizenship_or_naturalization.md
CLEANED   refs=8 footnotes=yes  volume_12_citizenship_and_naturalization/part_l_revocation_of_naturalization/chapter_1_purpose_and_background.md
CLEANED   refs=9 footnotes=yes  volume_12_citizenship_and_naturalization/part_l_revocation_of_naturalization/chapter_2_grounds_for_revocation_of_naturalization.md
CLEANED   refs=13 footnotes=yes  volume_12_citizenship_and_naturalization/part_l_revocation_of_naturalization/chapter_3_effects_of_revocation_of_naturalization.md
CLEANED   refs=9 footnotes=yes  volume_1_general_policies_and_procedures/part_a_public_services/chapter_10_changes_of_address.md
CLEANED   refs=7 footnotes=yes  volume_1_general_policies_and_procedures/part_a_public_services/chapter_1_purpose_and_background.md
CLEANED   refs=4 footnotes=yes  volume_1_general_policies_and_procedures/part_a_public_services/chapter_2_web_based_information.md
CLEANED   refs=6 footnotes=yes  volume_1_general_policies_and_procedures/part_a_public_services/chapter_3_types_of_assistance.md
CLEANED   refs=9 footnotes=yes  volume_1_general_policies_and_procedures/part_a_public_services/chapter_4_service_request_management_tool.md
CLEANED   refs=11 footnotes=yes  volume_1_general_policies_and_procedures/part_a_public_services/chapter_5_expedite_requests.md
CLEANED   refs=6 footnotes=yes  volume_1_general_policies_and_procedures/part_a_public_services/chapter_6_disability_accommodation_requests.md
CLEANED   refs=66 footnotes=yes  volume_1_general_policies_and_procedures/part_a_public_services/chapter_7_privacy_and_confidentiality.md
CLEANED   refs=1 footnotes=yes  volume_1_general_policies_and_procedures/part_a_public_services/chapter_8_conduct_in_uscis_facilities.md
CLEANED   refs=13 footnotes=yes  volume_1_general_policies_and_procedures/part_a_public_services/chapter_9_feedback_complaints_misconduct_and_discrimination.md
CLEANED   refs=8 footnotes=yes  volume_1_general_policies_and_procedures/part_b_submission_of_benefit_requests/chapter_1_purpose_and_background.md
CLEANED   refs=20 footnotes=yes  volume_1_general_policies_and_procedures/part_b_submission_of_benefit_requests/chapter_2_signatures.md
CLEANED   refs=31 footnotes=yes  volume_1_general_policies_and_procedures/part_b_submission_of_benefit_requests/chapter_3_fees.md
CLEANED   refs=41 footnotes=yes  volume_1_general_policies_and_procedures/part_b_submission_of_benefit_requests/chapter_4_fee_waivers_and_fee_exemptions.md
CLEANED   refs=1 footnotes=yes  volume_1_general_policies_and_procedures/part_b_submission_of_benefit_requests/chapter_5_interpreters_and_preparers.md
CLEANED   refs=45 footnotes=yes  volume_1_general_policies_and_procedures/part_b_submission_of_benefit_requests/chapter_6_submitting_requests.md
CLEANED   refs=2 footnotes=yes  volume_1_general_policies_and_procedures/part_c_biometrics_collection_and_security_checks/chapter_1_purpose_and_background.md
CLEANED   refs=31 footnotes=yes  volume_1_general_policies_and_procedures/part_c_biometrics_collection_and_security_checks/chapter_2_biometrics_collection.md
EXCLUDED    volume_1_general_policies_and_procedures/part_c_biometrics_collection_and_security_checks/chapter_3_security_checks_reserved.md
CLEANED   refs=8 footnotes=yes  volume_1_general_policies_and_procedures/part_e_adjudications/chapter_10_post_decision_actions.md
CLEANED   refs=4 footnotes=yes  volume_1_general_policies_and_procedures/part_e_adjudications/chapter_1_purpose_and_background.md
CLEANED   refs=2 footnotes=yes  volume_1_general_policies_and_procedures/part_e_adjudications/chapter_2_record_of_proceeding.md
CLEANED   refs=1 footnotes=yes  volume_1_general_policies_and_procedures/part_e_adjudications/chapter_3_jurisdiction.md
CLEANED   refs=4 footnotes=yes  volume_1_general_policies_and_procedures/part_e_adjudications/chapter_4_burden_and_standards_of_proof.md
CLEANED   refs=15 footnotes=yes  volume_1_general_policies_and_procedures/part_e_adjudications/chapter_5_verification_of_identifying_information.md
CLEANED   refs=106 footnotes=yes  volume_1_general_policies_and_procedures/part_e_adjudications/chapter_6_evidence.md
EXCLUDED    volume_1_general_policies_and_procedures/part_e_adjudications/chapter_7_interviews_reserved.md
CLEANED   refs=85 footnotes=yes  volume_1_general_policies_and_procedures/part_e_adjudications/chapter_8_discretionary_analysis.md
CLEANED   refs=10 footnotes=yes  volume_1_general_policies_and_procedures/part_e_adjudications/chapter_9_rendering_a_decision.md
CLEANED   refs=2 footnotes=yes  volume_1_general_policies_and_procedures/part_h_emergencies_or_unforeseen_circumstances/chapter_1_purpose_and_background.md
CLEANED   refs=56 footnotes=yes  volume_1_general_policies_and_procedures/part_h_emergencies_or_unforeseen_circumstances/chapter_2_emergencies_or_unforeseen_circumstances_related_flexibilities.md
CLEANED   refs=3 footnotes=yes  volume_1_general_policies_and_procedures/part_h_emergencies_or_unforeseen_circumstances/chapter_3_operational_responses.md
CLEANED   refs=1 footnotes=yes  volume_2_nonimmigrants/part_a_nonimmigrant_policies_and_procedures/chapter_1_purpose_and_background.md
EXCLUDED    volume_2_nonimmigrants/part_a_nonimmigrant_policies_and_procedures/chapter_2_general_requirements_reserved.md
EXCLUDED    volume_2_nonimmigrants/part_a_nonimmigrant_policies_and_procedures/chapter_3_maintaining_status_reserved.md
CLEANED   refs=17 footnotes=yes  volume_2_nonimmigrants/part_a_nonimmigrant_policies_and_procedures/chapter_4_extension_of_stay_change_of_status_and_extension_of_petition_validity.md
CLEANED   refs=20 footnotes=yes  volume_2_nonimmigrants/part_d_exchange_visitors_j/chapter_1_purpose_and_background.md
CLEANED   refs=5 footnotes=yes  volume_2_nonimmigrants/part_d_exchange_visitors_j/chapter_2_j_exchange_visitor_eligibility.md
CLEANED   refs=15 footnotes=yes  volume_2_nonimmigrants/part_d_exchange_visitors_j/chapter_3_terms_and_conditions_of_j_exchange_visitor_status.md
CLEANED   refs=33 footnotes=yes  volume_2_nonimmigrants/part_d_exchange_visitors_j/chapter_4_waiver_of_the_foreign_residence_requirement.md
CLEANED   refs=9 footnotes=yes  volume_2_nonimmigrants/part_d_exchange_visitors_j/chapter_5_change_of_status_extensions_of_stay_program_transfers_and_reinstatement.md
CLEANED   refs=5 footnotes=yes  volume_2_nonimmigrants/part_d_exchange_visitors_j/chapter_6_family_members_of_j_1_exchange_visitor.md
CLEANED   refs=5 footnotes=yes  volume_2_nonimmigrants/part_e_cultural_visitors_q/chapter_1_purpose_and_background.md
CLEANED   refs=15 footnotes=yes  volume_2_nonimmigrants/part_e_cultural_visitors_q/chapter_2_eligibility_requirements.md
CLEANED   refs=15 footnotes=yes  volume_2_nonimmigrants/part_e_cultural_visitors_q/chapter_3_filing_and_documentation.md
CLEANED   refs=15 footnotes=yes  volume_2_nonimmigrants/part_e_cultural_visitors_q/chapter_4_adjudication.md
CLEANED   refs=6 footnotes=yes  volume_2_nonimmigrants/part_e_cultural_visitors_q/chapter_5_admissions_extensions_of_stay_and_changes_of_status.md
CLEANED   refs=10 footnotes=yes  volume_2_nonimmigrants/part_f_students_f_m/chapter_1_purpose_and_background.md
CLEANED   refs=34 footnotes=yes  volume_2_nonimmigrants/part_f_students_f_m/chapter_2_eligibility_requirements.md
CLEANED   refs=39 footnotes=yes  volume_2_nonimmigrants/part_f_students_f_m/chapter_3_courses_and_enrollment_full_course_of_study_and_reduced_course_load.md
CLEANED   refs=9 footnotes=yes  volume_2_nonimmigrants/part_f_students_f_m/chapter_4_school_transfer.md
CLEANED   refs=77 footnotes=yes  volume_2_nonimmigrants/part_f_students_f_m/chapter_5_practical_training.md
CLEANED   refs=24 footnotes=yes  volume_2_nonimmigrants/part_f_students_f_m/chapter_6_employment.md
CLEANED   refs=10 footnotes=yes  volume_2_nonimmigrants/part_f_students_f_m/chapter_7_absences_from_the_united_states.md
CLEANED   refs=47 footnotes=yes  volume_2_nonimmigrants/part_f_students_f_m/chapter_8_change_of_status_extension_of_stay_and_length_of_stay.md
CLEANED   refs=3 footnotes=yes  volume_2_nonimmigrants/part_f_students_f_m/chapter_9_dependents.md
EXCLUDED    volume_2_nonimmigrants/part_i_temporary_agricultural_and_nonagricultural_workers_h_2/chapter_10_post_adjudication_issues_related_to_temporary_nonagricultural_worker_h_2b_petitions_reserved.md
CLEANED   refs=32 footnotes=yes  volume_2_nonimmigrants/part_i_temporary_agricultural_and_nonagricultural_workers_h_2/chapter_11_temporary_nonagricultural_worker_h_2b_petitions_requiring_special_handling.md
CLEANED   refs=2 footnotes=yes  volume_2_nonimmigrants/part_i_temporary_agricultural_and_nonagricultural_workers_h_2/chapter_1_purpose_and_background.md
EXCLUDED    volume_2_nonimmigrants/part_i_temporary_agricultural_and_nonagricultural_workers_h_2/chapter_2_eligibility_for_temporary_agricultural_worker_h_2a_classification_reserved.md
EXCLUDED    volume_2_nonimmigrants/part_i_temporary_agricultural_and_nonagricultural_workers_h_2/chapter_3_documentation_and_evidence_for_temporary_agricultural_worker_h_2a_classification_reserved.md
EXCLUDED    volume_2_nonimmigrants/part_i_temporary_agricultural_and_nonagricultural_workers_h_2/chapter_4_adjudication_of_temporary_agricultural_worker_h_2a_petitions_reserved.md
EXCLUDED    volume_2_nonimmigrants/part_i_temporary_agricultural_and_nonagricultural_workers_h_2/chapter_5_post_adjudication_issues_related_to_temporary_agricultural_worker_h_2a_petitions_reserved.md
EXCLUDED    volume_2_nonimmigrants/part_i_temporary_agricultural_and_nonagricultural_workers_h_2/chapter_6_temporary_agricultural_worker_h_2a_petitions_requiring_special_handling_reserved.md
EXCLUDED    volume_2_nonimmigrants/part_i_temporary_agricultural_and_nonagricultural_workers_h_2/chapter_7_eligibility_for_temporary_nonagricultural_worker_h_2b_classification_reserved.md
EXCLUDED    volume_2_nonimmigrants/part_i_temporary_agricultural_and_nonagricultural_workers_h_2/chapter_8_documentation_and_evidence_for_temporary_nonagricultural_worker_h_2b_classification_reserved.md
EXCLUDED    volume_2_nonimmigrants/part_i_temporary_agricultural_and_nonagricultural_workers_h_2/chapter_9_adjudication_of_temporary_nonagricultural_worker_h_2b_petitions_reserved.md
CLEANED   refs=11 footnotes=yes  volume_2_nonimmigrants/part_j_trainees_h_3/chapter_1_purpose_and_background.md
CLEANED   refs=10 footnotes=yes  volume_2_nonimmigrants/part_j_trainees_h_3/chapter_2_h_3_categories.md
CLEANED   refs=9 footnotes=yes  volume_2_nonimmigrants/part_j_trainees_h_3/chapter_3_trainee_program_requirements.md
CLEANED   refs=7 footnotes=yes  volume_2_nonimmigrants/part_j_trainees_h_3/chapter_4_special_education_exchange_visitor_program_requirements.md
CLEANED   refs=1 footnotes=yes  volume_2_nonimmigrants/part_j_trainees_h_3/chapter_5_family_members_of_h_3_beneficiaries.md
CLEANED   refs=26 footnotes=yes  volume_2_nonimmigrants/part_j_trainees_h_3/chapter_6_adjudication.md
CLEANED   refs=7 footnotes=yes  volume_2_nonimmigrants/part_j_trainees_h_3/chapter_7_admissions_extensions_of_stay_and_change_of_status.md
CLEANED   refs=1 footnotes=yes  volume_2_nonimmigrants/part_k_media_representatives_i/chapter_1_purpose_and_background.md
CLEANED   refs=3 footnotes=yes  volume_2_nonimmigrants/part_k_media_representatives_i/chapter_2_eligibility.md
CLEANED   refs=2 footnotes=yes  volume_2_nonimmigrants/part_k_media_representatives_i/chapter_3_distinction_between_news_and_entertainment.md
CLEANED   refs=1 footnotes=yes  volume_2_nonimmigrants/part_k_media_representatives_i/chapter_4_family_members.md
CLEANED   refs=4 footnotes=yes  volume_2_nonimmigrants/part_k_media_representatives_i/chapter_5_adjudication.md
CLEANED   refs=16 footnotes=yes  volume_2_nonimmigrants/part_l_intracompany_transferees_l/chapter_10_period_of_stay.md
CLEANED   refs=16 footnotes=yes  volume_2_nonimmigrants/part_l_intracompany_transferees_l/chapter_1_purpose_and_background.md
CLEANED   refs=12 footnotes=yes  volume_2_nonimmigrants/part_l_intracompany_transferees_l/chapter_2_general_eligibility.md
CLEANED   refs=7 footnotes=yes  volume_2_nonimmigrants/part_l_intracompany_transferees_l/chapter_3_managers_and_executives_l_1a.md
CLEANED   refs=12 footnotes=yes  volume_2_nonimmigrants/part_l_intracompany_transferees_l/chapter_4_specialized_knowledge_beneficiaries_l_1b.md
CLEANED   refs=20 footnotes=yes  volume_2_nonimmigrants/part_l_intracompany_transferees_l/chapter_5_ownership_and_control.md
CLEANED   refs=47 footnotes=yes  volume_2_nonimmigrants/part_l_intracompany_transferees_l/chapter_6_key_concepts.md
CLEANED   refs=11 footnotes=yes  volume_2_nonimmigrants/part_l_intracompany_transferees_l/chapter_7_filing.md
CLEANED   refs=24 footnotes=yes  volume_2_nonimmigrants/part_l_intracompany_transferees_l/chapter_8_documentation_and_evidence.md
CLEANED   refs=23 footnotes=yes  volume_2_nonimmigrants/part_l_intracompany_transferees_l/chapter_9_adjudication.md
CLEANED   refs=5 footnotes=yes  volume_2_nonimmigrants/part_m_nonimmigrants_of_extraordinary_ability_or_achievement_o/chapter_1_purpose_and_background.md
CLEANED   refs=4 footnotes=yes  volume_2_nonimmigrants/part_m_nonimmigrants_of_extraordinary_ability_or_achievement_o/chapter_2_eligibility_for_o_classification.md
CLEANED   refs=9 footnotes=yes  volume_2_nonimmigrants/part_m_nonimmigrants_of_extraordinary_ability_or_achievement_o/chapter_3_petitioners.md
CLEANED   refs=82 footnotes=yes  volume_2_nonimmigrants/part_m_nonimmigrants_of_extraordinary_ability_or_achievement_o/chapter_4_o_1_beneficiaries.md
CLEANED   refs=5 footnotes=yes  volume_2_nonimmigrants/part_m_nonimmigrants_of_extraordinary_ability_or_achievement_o/chapter_5_o_2_beneficiaries.md
CLEANED   refs=3 footnotes=yes  volume_2_nonimmigrants/part_m_nonimmigrants_of_extraordinary_ability_or_achievement_o/chapter_6_family_members.md
CLEANED   refs=21 footnotes=yes  volume_2_nonimmigrants/part_m_nonimmigrants_of_extraordinary_ability_or_achievement_o/chapter_7_documentation_and_evidence.md
CLEANED   refs=13 footnotes=yes  volume_2_nonimmigrants/part_m_nonimmigrants_of_extraordinary_ability_or_achievement_o/chapter_8_adjudication.md
CLEANED   refs=22 footnotes=yes  volume_2_nonimmigrants/part_m_nonimmigrants_of_extraordinary_ability_or_achievement_o/chapter_9_admission_extension_of_stay_change_of_status_and_change_of_employer.md
CLEANED   refs=3 footnotes=yes  volume_2_nonimmigrants/part_n_athletes_and_entertainers_p/chapter_1_purpose_and_background.md
CLEANED   refs=16 footnotes=yes  volume_2_nonimmigrants/part_n_athletes_and_entertainers_p/chapter_2_eligibility_requirements.md
CLEANED   refs=12 footnotes=yes  volume_2_nonimmigrants/part_n_athletes_and_entertainers_p/chapter_3_petitioners.md
CLEANED   refs=25 footnotes=yes  volume_2_nonimmigrants/part_n_athletes_and_entertainers_p/chapter_4_documentation_and_evidence.md
CLEANED   refs=14 footnotes=yes  volume_2_nonimmigrants/part_n_athletes_and_entertainers_p/chapter_5_adjudication.md
CLEANED   refs=7 footnotes=yes  volume_2_nonimmigrants/part_n_athletes_and_entertainers_p/chapter_6_post_adjudication_actions.md
CLEANED   refs=7 footnotes=yes  volume_2_nonimmigrants/part_o_religious_workers_r/chapter_1_purpose_and_background.md
CLEANED   refs=13 footnotes=yes  volume_2_nonimmigrants/part_o_religious_workers_r/chapter_2_general_requirements.md
CLEANED   refs=37 footnotes=yes  volume_2_nonimmigrants/part_o_religious_workers_r/chapter_3_petitioner_requirements.md
CLEANED   refs=20 footnotes=yes  volume_2_nonimmigrants/part_o_religious_workers_r/chapter_4_beneficiary_requirements.md
CLEANED   refs=12 footnotes=yes  volume_2_nonimmigrants/part_o_religious_workers_r/chapter_5_adjudication.md
CLEANED   refs=17 footnotes=yes  volume_2_nonimmigrants/part_o_religious_workers_r/chapter_6_admissions_extensions_of_stay_and_changes_of_status.md
CLEANED   refs=4 footnotes=yes  volume_2_nonimmigrants/part_o_religious_workers_r/chapter_7_period_of_stay.md
CLEANED   refs=17 footnotes=yes  volume_2_nonimmigrants/part_p_usmca_professionals_tn/chapter_1_purpose_and_background.md
CLEANED   refs=13 footnotes=yes  volume_2_nonimmigrants/part_p_usmca_professionals_tn/chapter_2_eligibility_requirements.md
CLEANED   refs=10 footnotes=yes  volume_2_nonimmigrants/part_p_usmca_professionals_tn/chapter_3_documentation_and_evidence.md
CLEANED   refs=5 footnotes=yes  volume_2_nonimmigrants/part_p_usmca_professionals_tn/chapter_4_extension_of_stay_and_change_of_status.md
CLEANED   refs=15 footnotes=yes  volume_2_nonimmigrants/part_p_usmca_professionals_tn/chapter_5_other_factors_to_consider.md
CLEANED   refs=31 footnotes=yes  volume_2_nonimmigrants/part_p_usmca_professionals_tn/chapter_6_requirements_for_specific_occupations.md
CLEANED   refs=15 footnotes=yes  volume_3_humanitarian_protection_and_parole/part_b_victims_of_trafficking/chapter_10_duration_and_extensions_of_status.md
CLEANED   refs=8 footnotes=yes  volume_3_humanitarian_protection_and_parole/part_b_victims_of_trafficking/chapter_11_federal_benefits_and_work_authorization.md
CLEANED   refs=6 footnotes=yes  volume_3_humanitarian_protection_and_parole/part_b_victims_of_trafficking/chapter_12_travel_outside_the_united_states.md
CLEANED   refs=10 footnotes=yes  volume_3_humanitarian_protection_and_parole/part_b_victims_of_trafficking/chapter_13_revocation_of_status.md
CLEANED   refs=4 footnotes=yes  volume_3_humanitarian_protection_and_parole/part_b_victims_of_trafficking/chapter_14_confidentiality_protections_and_prohibitions_against_disclosure.md
CLEANED   refs=14 footnotes=yes  volume_3_humanitarian_protection_and_parole/part_b_victims_of_trafficking/chapter_1_purpose_and_background.md
CLEANED   refs=96 footnotes=yes  volume_3_humanitarian_protection_and_parole/part_b_victims_of_trafficking/chapter_2_eligibility_requirements.md
CLEANED   refs=64 footnotes=yes  volume_3_humanitarian_protection_and_parole/part_b_victims_of_trafficking/chapter_3_documentation_and_evidence_for_principal_applicants.md
CLEANED   refs=19 footnotes=yes  volume_3_humanitarian_protection_and_parole/part_b_victims_of_trafficking/chapter_4_family_members.md
CLEANED   refs=12 footnotes=yes  volume_3_humanitarian_protection_and_parole/part_b_victims_of_trafficking/chapter_5_documentation_and_evidence_for_family_members.md
CLEANED   refs=23 footnotes=yes  volume_3_humanitarian_protection_and_parole/part_b_victims_of_trafficking/chapter_6_bona_fide_determinations.md
CLEANED   refs=16 footnotes=yes  volume_3_humanitarian_protection_and_parole/part_b_victims_of_trafficking/chapter_7_adjudication.md
CLEANED   refs=8 footnotes=yes  volume_3_humanitarian_protection_and_parole/part_b_victims_of_trafficking/chapter_8_annual_cap_and_waiting_list.md
CLEANED   refs=9 footnotes=yes  volume_3_humanitarian_protection_and_parole/part_b_victims_of_trafficking/chapter_9_applicants_in_removal_proceedings.md
CLEANED   refs=22 footnotes=yes  volume_3_humanitarian_protection_and_parole/part_c_victims_of_crimes/chapter_1_purpose_and_background.md
CLEANED   refs=4 footnotes=yes  volume_3_humanitarian_protection_and_parole/part_c_victims_of_crimes/chapter_2_eligibility_requirements_for_u_nonimmigrant_status.md
EXCLUDED    volume_3_humanitarian_protection_and_parole/part_c_victims_of_crimes/chapter_3_documentation_and_evidence_reserved.md
CLEANED   refs=2 footnotes=yes  volume_3_humanitarian_protection_and_parole/part_c_victims_of_crimes/chapter_4_adjudication.md
CLEANED   refs=32 footnotes=yes  volume_3_humanitarian_protection_and_parole/part_c_victims_of_crimes/chapter_5_bona_fide_determination_process.md
CLEANED   refs=12 footnotes=yes  volume_3_humanitarian_protection_and_parole/part_c_victims_of_crimes/chapter_6_waiting_list.md
CLEANED   refs=10 footnotes=yes  volume_3_humanitarian_protection_and_parole/part_c_victims_of_crimes/chapter_7_final_adjudication.md
EXCLUDED    volume_3_humanitarian_protection_and_parole/part_c_victims_of_crimes/chapter_8_post_adjudicative_matters_reserved.md
CLEANED   refs=12 footnotes=yes  volume_3_humanitarian_protection_and_parole/part_d_violence_against_women_act/chapter_1_purpose_and_background.md
CLEANED   refs=184 footnotes=yes  volume_3_humanitarian_protection_and_parole/part_d_violence_against_women_act/chapter_2_eligibility_requirements_and_evidence.md
CLEANED   refs=65 footnotes=yes  volume_3_humanitarian_protection_and_parole/part_d_violence_against_women_act/chapter_3_effect_of_certain_life_events.md
CLEANED   refs=22 footnotes=yes  volume_3_humanitarian_protection_and_parole/part_d_violence_against_women_act/chapter_4_filing_requirements.md
CLEANED   refs=46 footnotes=yes  volume_3_humanitarian_protection_and_parole/part_d_violence_against_women_act/chapter_5_adjudication.md
CLEANED   refs=7 footnotes=yes  volume_3_humanitarian_protection_and_parole/part_d_violence_against_women_act/chapter_6_post_adjudicative_matters.md
CLEANED   refs=39 footnotes=yes  volume_3_humanitarian_protection_and_parole/part_f_parolees/chapter_1_purpose_and_background.md
CLEANED   refs=9 footnotes=yes  volume_3_humanitarian_protection_and_parole/part_g_international_entrepreneur_parole/chapter_1_purpose_and_background.md
CLEANED   refs=16 footnotes=yes  volume_3_humanitarian_protection_and_parole/part_g_international_entrepreneur_parole/chapter_2_requirements_for_consideration.md
CLEANED   refs=14 footnotes=yes  volume_3_humanitarian_protection_and_parole/part_g_international_entrepreneur_parole/chapter_3_documentation_and_evidence.md
CLEANED   refs=7 footnotes=yes  volume_3_humanitarian_protection_and_parole/part_g_international_entrepreneur_parole/chapter_4_adjudication.md
CLEANED   refs=11 footnotes=yes  volume_3_humanitarian_protection_and_parole/part_g_international_entrepreneur_parole/chapter_5_additional_periods_of_parole.md
CLEANED   refs=7 footnotes=yes  volume_3_humanitarian_protection_and_parole/part_g_international_entrepreneur_parole/chapter_6_family_members.md
CLEANED   refs=20 footnotes=yes  volume_3_humanitarian_protection_and_parole/part_g_international_entrepreneur_parole/chapter_7_conditions_on_parole_and_termination.md
CLEANED   refs=6 footnotes=yes  volume_4_refugees_and_asylees/part_c_relative_petitions/chapter_1_purpose_and_background.md
CLEANED   refs=60 footnotes=yes  volume_4_refugees_and_asylees/part_c_relative_petitions/chapter_2_eligibility_requirements.md
CLEANED   refs=20 footnotes=yes  volume_4_refugees_and_asylees/part_c_relative_petitions/chapter_3_admissibility_and_waiver_requirements.md
CLEANED   refs=35 footnotes=yes  volume_4_refugees_and_asylees/part_c_relative_petitions/chapter_4_documentation_and_evidence.md
CLEANED   refs=33 footnotes=yes  volume_4_refugees_and_asylees/part_c_relative_petitions/chapter_5_adjudication.md
CLEANED   refs=18 footnotes=yes  volume_5_adoptions/part_a_adoptions_overview/chapter_1_purpose_and_background.md
CLEANED   refs=33 footnotes=yes  volume_5_adoptions/part_a_adoptions_overview/chapter_2_adoption_processes.md
CLEANED   refs=7 footnotes=yes  volume_5_adoptions/part_a_adoptions_overview/chapter_3_us_citizens_residing_outside_the_united_states.md
CLEANED   refs=23 footnotes=yes  volume_5_adoptions/part_a_adoptions_overview/chapter_4_adoption_definition_and_order_validity.md
CLEANED   refs=4 footnotes=yes  volume_5_adoptions/part_a_adoptions_overview/chapter_5_authorized_adoption_service_providers.md
CLEANED   refs=7 footnotes=yes  volume_5_adoptions/part_b_adoptive_parent_suitability_determinations/chapter_1_purpose_and_background.md
CLEANED   refs=22 footnotes=yes  volume_5_adoptions/part_b_adoptive_parent_suitability_determinations/chapter_2_eligibility_documentation_and_evidence_orphan_process.md
CLEANED   refs=20 footnotes=yes  volume_5_adoptions/part_b_adoptive_parent_suitability_determinations/chapter_3_eligibility_documentation_and_evidence_hague_process.md
CLEANED   refs=87 footnotes=yes  volume_5_adoptions/part_b_adoptive_parent_suitability_determinations/chapter_4_home_studies.md
CLEANED   refs=46 footnotes=yes  volume_5_adoptions/part_b_adoptive_parent_suitability_determinations/chapter_5_action_on_pending_or_approved_suitability_determinations.md
CLEANED   refs=19 footnotes=yes  volume_5_adoptions/part_b_adoptive_parent_suitability_determinations/chapter_6_adjudication.md
CLEANED   refs=7 footnotes=yes  volume_5_adoptions/part_c_child_eligibility_determinations_orphan/chapter_1_purpose_and_background.md
CLEANED   refs=2 footnotes=yes  volume_5_adoptions/part_c_child_eligibility_determinations_orphan/chapter_2_eligibility.md
CLEANED   refs=8 footnotes=yes  volume_5_adoptions/part_c_child_eligibility_determinations_orphan/chapter_3_identity_and_age.md
CLEANED   refs=17 footnotes=yes  volume_5_adoptions/part_c_child_eligibility_determinations_orphan/chapter_4_eligibility_requirements_specific_to_orphans.md
CLEANED   refs=7 footnotes=yes  volume_5_adoptions/part_c_child_eligibility_determinations_orphan/chapter_5_qualifying_adoptive_or_custodial_relationship.md
CLEANED   refs=10 footnotes=yes  volume_5_adoptions/part_c_child_eligibility_determinations_orphan/chapter_6_additional_requirements.md
CLEANED   refs=29 footnotes=yes  volume_5_adoptions/part_c_child_eligibility_determinations_orphan/chapter_7_documentation_and_evidence.md
CLEANED   refs=52 footnotes=yes  volume_5_adoptions/part_c_child_eligibility_determinations_orphan/chapter_8_adjudication.md
CLEANED   refs=7 footnotes=yes  volume_5_adoptions/part_c_child_eligibility_determinations_orphan/chapter_9_pre_adoption_immigration_review_programs.md
CLEANED   refs=20 footnotes=yes  volume_5_adoptions/part_d_child_eligibility_determinations_hague/chapter_1_purpose_and_background.md
CLEANED   refs=1 footnotes=yes  volume_5_adoptions/part_d_child_eligibility_determinations_hague/chapter_2_eligibility.md
CLEANED   refs=7 footnotes=yes  volume_5_adoptions/part_d_child_eligibility_determinations_hague/chapter_3_identity_and_age.md
CLEANED   refs=15 footnotes=yes  volume_5_adoptions/part_d_child_eligibility_determinations_hague/chapter_4_eligibility_requirements_specific_to_convention_adoptees.md
CLEANED   refs=8 footnotes=yes  volume_5_adoptions/part_d_child_eligibility_determinations_hague/chapter_5_qualifying_adoptive_or_custodial_relationship.md
CLEANED   refs=19 footnotes=yes  volume_5_adoptions/part_d_child_eligibility_determinations_hague/chapter_6_additional_requirements.md
CLEANED   refs=19 footnotes=yes  volume_5_adoptions/part_d_child_eligibility_determinations_hague/chapter_7_required_order_of_immigration_and_adoption_steps.md
CLEANED   refs=29 footnotes=yes  volume_5_adoptions/part_d_child_eligibility_determinations_hague/chapter_8_documentation_and_evidence.md
CLEANED   refs=60 footnotes=yes  volume_5_adoptions/part_d_child_eligibility_determinations_hague/chapter_9_adjudication.md
CLEANED   refs=11 footnotes=yes  volume_5_adoptions/part_e_family_based_adoption_petitions/chapter_1_purpose_and_background.md
CLEANED   refs=24 footnotes=yes  volume_5_adoptions/part_e_family_based_adoption_petitions/chapter_2_eligibility.md
CLEANED   refs=21 footnotes=yes  volume_5_adoptions/part_e_family_based_adoption_petitions/chapter_3_hague_restrictions_on_family_based_petitions.md
CLEANED   refs=5 footnotes=yes  volume_5_adoptions/part_e_family_based_adoption_petitions/chapter_4_documentation_and_evidence.md
CLEANED   refs=9 footnotes=yes  volume_5_adoptions/part_e_family_based_adoption_petitions/chapter_5_adjudication.md
CLEANED   refs=3 footnotes=yes  volume_5_adoptions/part_e_family_based_adoption_petitions/chapter_6_post_adjudication_actions.md
CLEANED   refs=7 footnotes=yes  volume_5_adoptions/part_f_citizenship_for_adopted_children/chapter_1_purpose_and_background.md
CLEANED   refs=17 footnotes=yes  volume_5_adoptions/part_f_citizenship_for_adopted_children/chapter_2_definitions.md
CLEANED   refs=39 footnotes=yes  volume_5_adoptions/part_f_citizenship_for_adopted_children/chapter_3_eligibility_documentation_and_evidence.md
CLEANED   refs=10 footnotes=yes  volume_5_adoptions/part_f_citizenship_for_adopted_children/chapter_4_citizenship_following_a_disrupted_or_dissolved_adoption.md
CLEANED   refs=16 footnotes=yes  volume_6_immigrants/part_b_family_based_immigrants/chapter_1_purpose_and_background.md
CLEANED   refs=56 footnotes=yes  volume_6_immigrants/part_b_family_based_immigrants/chapter_2_general_eligibility_requirements.md
CLEANED   refs=23 footnotes=yes  volume_6_immigrants/part_b_family_based_immigrants/chapter_3_filing.md
CLEANED   refs=12 footnotes=yes  volume_6_immigrants/part_b_family_based_immigrants/chapter_4_documentation_and_evidence.md
CLEANED   refs=74 footnotes=yes  volume_6_immigrants/part_b_family_based_immigrants/chapter_5_adjudication_of_family_based_petitions.md
CLEANED   refs=112 footnotes=yes  volume_6_immigrants/part_b_family_based_immigrants/chapter_6_spouses.md
CLEANED   refs=11 footnotes=yes  volume_6_immigrants/part_b_family_based_immigrants/chapter_7_children_sons_and_daughters.md
EXCLUDED    volume_6_immigrants/part_b_family_based_immigrants/chapter_8_parents_of_us_citizens_reserved.md
EXCLUDED    volume_6_immigrants/part_b_family_based_immigrants/chapter_9_siblings_of_us_citizens_reserved.md
CLEANED   refs=9 footnotes=yes  volume_6_immigrants/part_e_employment_based_immigration/chapter_10_decision_and_post_adjudication.md
CLEANED   refs=2 footnotes=yes  volume_6_immigrants/part_e_employment_based_immigration/chapter_1_purpose_and_background.md
CLEANED   refs=6 footnotes=yes  volume_6_immigrants/part_e_employment_based_immigration/chapter_2_eligibility_requirements.md
CLEANED   refs=16 footnotes=yes  volume_6_immigrants/part_e_employment_based_immigration/chapter_3_successor_in_interest_in_permanent_labor_certification_cases.md
CLEANED   refs=32 footnotes=yes  volume_6_immigrants/part_e_employment_based_immigration/chapter_4_ability_to_pay.md
EXCLUDED    volume_6_immigrants/part_e_employment_based_immigration/chapter_5_reserved.md
CLEANED   refs=28 footnotes=yes  volume_6_immigrants/part_e_employment_based_immigration/chapter_6_permanent_labor_certification.md
CLEANED   refs=75 footnotes=yes  volume_6_immigrants/part_e_employment_based_immigration/chapter_7_schedule_a_designation_petitions.md
CLEANED   refs=11 footnotes=yes  volume_6_immigrants/part_e_employment_based_immigration/chapter_8_documentation_and_evidence.md
CLEANED   refs=3 footnotes=yes  volume_6_immigrants/part_e_employment_based_immigration/chapter_9_evaluation_of_education_credentials.md
CLEANED   refs=2 footnotes=yes  volume_6_immigrants/part_f_employment_based_classifications/chapter_1_purpose_and_background.md
CLEANED   refs=53 footnotes=yes  volume_6_immigrants/part_f_employment_based_classifications/chapter_2_extraordinary_ability.md
CLEANED   refs=41 footnotes=yes  volume_6_immigrants/part_f_employment_based_classifications/chapter_3_outstanding_professor_or_researcher.md
CLEANED   refs=43 footnotes=yes  volume_6_immigrants/part_f_employment_based_classifications/chapter_4_multinational_executive_or_manager.md
CLEANED   refs=104 footnotes=yes  volume_6_immigrants/part_f_employment_based_classifications/chapter_5_advanced_degree_or_exceptional_ability.md
CLEANED   refs=36 footnotes=yes  volume_6_immigrants/part_f_employment_based_classifications/chapter_6_physician.md
CLEANED   refs=6 footnotes=yes  volume_6_immigrants/part_f_employment_based_classifications/chapter_7_skilled_worker_professional_or_other_worker.md
CLEANED   refs=30 footnotes=yes  volume_6_immigrants/part_g_investors/chapter_1_purpose_and_background.md
CLEANED   refs=140 footnotes=no  volume_6_immigrants/part_g_investors/chapter_2_immigrant_petition_eligibility_requirements.md
CLEANED   refs=36 footnotes=yes  volume_6_immigrants/part_g_investors/chapter_3_immigrant_petition_adjudication.md
CLEANED   refs=64 footnotes=yes  volume_6_immigrants/part_g_investors/chapter_4_regional_center_applications.md
CLEANED   refs=47 footnotes=yes  volume_6_immigrants/part_g_investors/chapter_5_project_applications.md
CLEANED   refs=5 footnotes=yes  volume_6_immigrants/part_g_investors/chapter_6_direct_and_third_party_promoters.md
CLEANED   refs=16 footnotes=yes  volume_6_immigrants/part_g_investors/chapter_7_removal_of_conditions.md
CLEANED   refs=19 footnotes=yes  volume_6_immigrants/part_g_investors/chapter_8_sanctions_and_discretionary_determinations.md
CLEANED   refs=12 footnotes=yes  volume_6_immigrants/part_h_designated_and_special_immigrants/chapter_10_certain_iraqi_and_afghan_translators_and_interpreters.md
CLEANED   refs=3 footnotes=yes  volume_6_immigrants/part_h_designated_and_special_immigrants/chapter_11_decision_and_post_adjudication.md
CLEANED   refs=21 footnotes=yes  volume_6_immigrants/part_h_designated_and_special_immigrants/chapter_1_purpose_and_background.md
CLEANED   refs=73 footnotes=yes  volume_6_immigrants/part_h_designated_and_special_immigrants/chapter_2_religious_workers.md
CLEANED   refs=1 footnotes=yes  volume_6_immigrants/part_h_designated_and_special_immigrants/chapter_3_panama_canal_zone_employees.md
EXCLUDED    volume_6_immigrants/part_h_designated_and_special_immigrants/chapter_4_certain_physicians_reserved.md
EXCLUDED    volume_6_immigrants/part_h_designated_and_special_immigrants/chapter_5_certain_g_4_or_nato_6_employees_and_their_family_members_reserved.md
CLEANED   refs=9 footnotes=yes  volume_6_immigrants/part_h_designated_and_special_immigrants/chapter_6_members_of_the_us_armed_forces.md
EXCLUDED    volume_6_immigrants/part_h_designated_and_special_immigrants/chapter_7_certain_broadcasters_reserved.md
CLEANED   refs=18 footnotes=yes  volume_6_immigrants/part_h_designated_and_special_immigrants/chapter_8_certain_iraqi_nationals.md
CLEANED   refs=20 footnotes=yes  volume_6_immigrants/part_h_designated_and_special_immigrants/chapter_9_certain_afghan_nationals.md
CLEANED   refs=7 footnotes=yes  volume_6_immigrants/part_i_family_based_conditional_permanent_residents/chapter_1_purpose_and_background.md
CLEANED   refs=49 footnotes=yes  volume_6_immigrants/part_i_family_based_conditional_permanent_residents/chapter_2_terms_and_conditions_of_cpr_status.md
CLEANED   refs=48 footnotes=yes  volume_6_immigrants/part_i_family_based_conditional_permanent_residents/chapter_3_petition_to_remove_conditions_on_residence.md
CLEANED   refs=8 footnotes=yes  volume_6_immigrants/part_i_family_based_conditional_permanent_residents/chapter_4_joint_petitions_and_individual_filing_requests.md
CLEANED   refs=51 footnotes=yes  volume_6_immigrants/part_i_family_based_conditional_permanent_residents/chapter_5_waiver_of_joint_filing_requirement.md
CLEANED   refs=27 footnotes=yes  volume_6_immigrants/part_i_family_based_conditional_permanent_residents/chapter_6_decision_and_post_adjudication.md
CLEANED   refs=11 footnotes=yes  volume_6_immigrants/part_i_family_based_conditional_permanent_residents/chapter_7_effect_of_removal_proceedings.md
CLEANED   refs=9 footnotes=yes  volume_6_immigrants/part_j_special_immigrant_juveniles/chapter_1_purpose_and_background.md
CLEANED   refs=42 footnotes=yes  volume_6_immigrants/part_j_special_immigrant_juveniles/chapter_2_eligibility_requirements.md
CLEANED   refs=18 footnotes=yes  volume_6_immigrants/part_j_special_immigrant_juveniles/chapter_3_documentation_and_evidence.md
CLEANED   refs=19 footnotes=yes  volume_6_immigrants/part_j_special_immigrant_juveniles/chapter_4_adjudication.md
CLEANED   refs=4 footnotes=yes  volume_6_immigrants/part_j_special_immigrant_juveniles/chapter_5_appeals_motions_to_reopen_and_motions_to_reconsider.md
CLEANED   refs=1 footnotes=yes  volume_6_immigrants/part_j_special_immigrant_juveniles/chapter_6_data.md
CLEANED   refs=49 footnotes=yes  volume_7_adjustment_of_status/part_a_adjustment_of_status_policies_and_procedures/chapter_10_legal_analysis_and_use_of_discretion.md
CLEANED   refs=5 footnotes=yes  volume_7_adjustment_of_status/part_a_adjustment_of_status_policies_and_procedures/chapter_11_decision_procedures.md
CLEANED   refs=17 footnotes=yes  volume_7_adjustment_of_status/part_a_adjustment_of_status_policies_and_procedures/chapter_1_purpose_and_background.md
CLEANED   refs=28 footnotes=yes  volume_7_adjustment_of_status/part_a_adjustment_of_status_policies_and_procedures/chapter_2_eligibility_requirements.md
CLEANED   refs=20 footnotes=yes  volume_7_adjustment_of_status/part_a_adjustment_of_status_policies_and_procedures/chapter_3_filing_instructions.md
CLEANED   refs=19 footnotes=yes  volume_7_adjustment_of_status/part_a_adjustment_of_status_policies_and_procedures/chapter_4_documentation.md
CLEANED   refs=5 footnotes=yes  volume_7_adjustment_of_status/part_a_adjustment_of_status_policies_and_procedures/chapter_5_interview_guidelines.md
CLEANED   refs=71 footnotes=yes  volume_7_adjustment_of_status/part_a_adjustment_of_status_policies_and_procedures/chapter_6_adjudicative_review.md
CLEANED   refs=69 footnotes=yes  volume_7_adjustment_of_status/part_a_adjustment_of_status_policies_and_procedures/chapter_7_child_status_protection_act.md
CLEANED   refs=22 footnotes=yes  volume_7_adjustment_of_status/part_a_adjustment_of_status_policies_and_procedures/chapter_8_transfer_of_underlying_basis.md
CLEANED   refs=33 footnotes=yes  volume_7_adjustment_of_status/part_a_adjustment_of_status_policies_and_procedures/chapter_9_death_of_petitioner_or_principal_beneficiary.md
CLEANED   refs=6 footnotes=yes  volume_7_adjustment_of_status/part_b_245a_adjustment/chapter_1_purpose_and_background.md
CLEANED   refs=125 footnotes=yes  volume_7_adjustment_of_status/part_b_245a_adjustment/chapter_2_eligibility_requirements.md
CLEANED   refs=18 footnotes=yes  volume_7_adjustment_of_status/part_b_245a_adjustment/chapter_3_unlawful_immigration_status_at_time_of_filing_ina_245c2.md
CLEANED   refs=46 footnotes=yes  volume_7_adjustment_of_status/part_b_245a_adjustment/chapter_4_status_and_nonimmigrant_visa_violations_ina_245c2_and_ina_245c8.md
CLEANED   refs=7 footnotes=yes  volume_7_adjustment_of_status/part_b_245a_adjustment/chapter_5_employment_based_applicant_not_in_lawful_nonimmigrant_status_ina_245c7.md
CLEANED   refs=19 footnotes=yes  volume_7_adjustment_of_status/part_b_245a_adjustment/chapter_6_unauthorized_employment_ina_245c2_and_ina_245c8.md
CLEANED   refs=34 footnotes=yes  volume_7_adjustment_of_status/part_b_245a_adjustment/chapter_7_other_barred_adjustment_applicants.md
CLEANED   refs=17 footnotes=yes  volume_7_adjustment_of_status/part_b_245a_adjustment/chapter_8_inapplicability_of_bars_to_adjustment.md
CLEANED   refs=18 footnotes=yes  volume_7_adjustment_of_status/part_c_245i_adjustment/chapter_1_purpose_and_background.md
CLEANED   refs=55 footnotes=yes  volume_7_adjustment_of_status/part_c_245i_adjustment/chapter_2_grandfathering_requirements.md
CLEANED   refs=14 footnotes=yes  volume_7_adjustment_of_status/part_c_245i_adjustment/chapter_3_eligibility_and_filing_requirements.md
CLEANED   refs=30 footnotes=yes  volume_7_adjustment_of_status/part_c_245i_adjustment/chapter_4_documentation_and_evidence.md
CLEANED   refs=7 footnotes=yes  volume_7_adjustment_of_status/part_c_245i_adjustment/chapter_5_adjudication_and_decision.md
EXCLUDED    volume_7_adjustment_of_status/part_e_employment_based_adjustment/chapter_1_purpose_and_background_reserved.md
EXCLUDED    volume_7_adjustment_of_status/part_e_employment_based_adjustment/chapter_2_eligibility_requirements_reserved.md
EXCLUDED    volume_7_adjustment_of_status/part_e_employment_based_adjustment/chapter_3_immigrant_visa_availability_and_priority_dates_reserved.md
EXCLUDED    volume_7_adjustment_of_status/part_e_employment_based_adjustment/chapter_4_documentation_and_evidence_reserved.md
CLEANED   refs=45 footnotes=yes  volume_7_adjustment_of_status/part_e_employment_based_adjustment/chapter_5_job_portability_after_adjustment_filing_and_other_ac21_provisions.md
EXCLUDED    volume_7_adjustment_of_status/part_e_employment_based_adjustment/chapter_6_adjudication_reserved.md
EXCLUDED    volume_7_adjustment_of_status/part_e_employment_based_adjustment/chapter_7_national_interest_waiver_physicians_reserved.md
CLEANED   refs=43 footnotes=yes  volume_7_adjustment_of_status/part_f_special_immigrant_based_adjustment/chapter_10_certain_afghan_and_iraqi_nationals.md
CLEANED   refs=6 footnotes=yes  volume_7_adjustment_of_status/part_f_special_immigrant_based_adjustment/chapter_1_purpose_and_background.md
CLEANED   refs=44 footnotes=yes  volume_7_adjustment_of_status/part_f_special_immigrant_based_adjustment/chapter_2_religious_workers.md
CLEANED   refs=30 footnotes=yes  volume_7_adjustment_of_status/part_f_special_immigrant_based_adjustment/chapter_3_international_employees_of_us_government_abroad.md
CLEANED   refs=33 footnotes=yes  volume_7_adjustment_of_status/part_f_special_immigrant_based_adjustment/chapter_4_panama_canal_zone_employees.md
CLEANED   refs=27 footnotes=yes  volume_7_adjustment_of_status/part_f_special_immigrant_based_adjustment/chapter_5_certain_physicians.md
CLEANED   refs=42 footnotes=yes  volume_7_adjustment_of_status/part_f_special_immigrant_based_adjustment/chapter_6_certain_g_4_or_nato_6_employees_and_their_family_members.md
CLEANED   refs=50 footnotes=yes  volume_7_adjustment_of_status/part_f_special_immigrant_based_adjustment/chapter_7_special_immigrant_juveniles.md
CLEANED   refs=35 footnotes=yes  volume_7_adjustment_of_status/part_f_special_immigrant_based_adjustment/chapter_8_members_of_the_us_armed_forces.md
CLEANED   refs=34 footnotes=yes  volume_7_adjustment_of_status/part_f_special_immigrant_based_adjustment/chapter_9_certain_broadcasters.md
CLEANED   refs=3 footnotes=yes  volume_7_adjustment_of_status/part_g_diversity_immigrant_based_adjustment/chapter_1_purpose_and_background.md
CLEANED   refs=73 footnotes=yes  volume_7_adjustment_of_status/part_g_diversity_immigrant_based_adjustment/chapter_2_eligibility_requirements.md
CLEANED   refs=4 footnotes=yes  volume_7_adjustment_of_status/part_g_diversity_immigrant_based_adjustment/chapter_3_documentation_and_evidence.md
CLEANED   refs=13 footnotes=yes  volume_7_adjustment_of_status/part_g_diversity_immigrant_based_adjustment/chapter_4_adjudication.md
CLEANED   refs=6 footnotes=yes  volume_7_adjustment_of_status/part_j_trafficking_victim_based_adjustment/chapter_1_purpose_and_background.md
CLEANED   refs=45 footnotes=yes  volume_7_adjustment_of_status/part_j_trafficking_victim_based_adjustment/chapter_2_eligibility_requirements.md
CLEANED   refs=36 footnotes=yes  volume_7_adjustment_of_status/part_j_trafficking_victim_based_adjustment/chapter_3_documentation_and_evidence.md
CLEANED   refs=10 footnotes=yes  volume_7_adjustment_of_status/part_j_trafficking_victim_based_adjustment/chapter_4_filing.md
CLEANED   refs=27 footnotes=yes  volume_7_adjustment_of_status/part_j_trafficking_victim_based_adjustment/chapter_5_adjudication.md
CLEANED   refs=1 footnotes=yes  volume_7_adjustment_of_status/part_l_refugee_adjustment/chapter_1_purpose_and_background.md
CLEANED   refs=14 footnotes=yes  volume_7_adjustment_of_status/part_l_refugee_adjustment/chapter_2_eligibility_requirements.md
CLEANED   refs=7 footnotes=yes  volume_7_adjustment_of_status/part_l_refugee_adjustment/chapter_3_admissibility_and_waiver_requirements.md
CLEANED   refs=1 footnotes=yes  volume_7_adjustment_of_status/part_l_refugee_adjustment/chapter_4_documentation_and_evidence.md
CLEANED   refs=9 footnotes=yes  volume_7_adjustment_of_status/part_l_refugee_adjustment/chapter_5_adjudication_procedures.md
CLEANED   refs=2 footnotes=yes  volume_7_adjustment_of_status/part_l_refugee_adjustment/chapter_6_termination_of_status_and_notice_to_appear_considerations.md
CLEANED   refs=1 footnotes=yes  volume_7_adjustment_of_status/part_m_asylee_adjustment/chapter_1_purpose_and_background.md
CLEANED   refs=9 footnotes=yes  volume_7_adjustment_of_status/part_m_asylee_adjustment/chapter_2_eligibility_requirements.md
CLEANED   refs=9 footnotes=yes  volume_7_adjustment_of_status/part_m_asylee_adjustment/chapter_3_admissibility_and_waiver_requirements.md
CLEANED   refs=1 footnotes=yes  volume_7_adjustment_of_status/part_m_asylee_adjustment/chapter_4_documentation_and_evidence.md
CLEANED   refs=8 footnotes=yes  volume_7_adjustment_of_status/part_m_asylee_adjustment/chapter_5_adjudication_procedures.md
CLEANED   refs=9 footnotes=yes  volume_7_adjustment_of_status/part_m_asylee_adjustment/chapter_6_termination_of_status_and_notice_to_appear_considerations.md
CLEANED   refs=14 footnotes=yes  volume_7_adjustment_of_status/part_o_registration/chapter_1_presumption_of_lawful_admission.md
CLEANED   refs=4 footnotes=yes  volume_7_adjustment_of_status/part_o_registration/chapter_2_presumption_of_lawful_admission_despite_certain_errors_occurring_at_entry.md
CLEANED   refs=11 footnotes=yes  volume_7_adjustment_of_status/part_o_registration/chapter_3_children_born_in_the_united_states_to_accredited_diplomats.md
CLEANED   refs=35 footnotes=yes  volume_7_adjustment_of_status/part_o_registration/chapter_4_aliens_who_entered_the_united_states_prior_to_january_1_1972.md
CLEANED   refs=10 footnotes=yes  volume_7_adjustment_of_status/part_o_registration/chapter_5_other_special_laws.md
EXCLUDED    volume_7_adjustment_of_status/part_p_other_adjustment_programs/chapter_10_reserved.md
EXCLUDED    volume_7_adjustment_of_status/part_p_other_adjustment_programs/chapter_1_reserved.md
EXCLUDED    volume_7_adjustment_of_status/part_p_other_adjustment_programs/chapter_2_reserved.md
EXCLUDED    volume_7_adjustment_of_status/part_p_other_adjustment_programs/chapter_3_reserved.md
EXCLUDED    volume_7_adjustment_of_status/part_p_other_adjustment_programs/chapter_4_reserved.md
CLEANED   refs=39 footnotes=yes  volume_7_adjustment_of_status/part_p_other_adjustment_programs/chapter_5_liberian_refugee_immigration_fairness.md
EXCLUDED    volume_7_adjustment_of_status/part_p_other_adjustment_programs/chapter_6_reserved.md
EXCLUDED    volume_7_adjustment_of_status/part_p_other_adjustment_programs/chapter_7_reserved.md
EXCLUDED    volume_7_adjustment_of_status/part_p_other_adjustment_programs/chapter_8_reserved.md
CLEANED   refs=40 footnotes=yes  volume_7_adjustment_of_status/part_p_other_adjustment_programs/chapter_9_amerasian_immigrants.md
CLEANED   refs=3 footnotes=yes  volume_7_adjustment_of_status/part_q_rescission_of_lawful_permanent_residence/chapter_1_purpose_and_background.md
CLEANED   refs=2 footnotes=yes  volume_7_adjustment_of_status/part_q_rescission_of_lawful_permanent_residence/chapter_2_eligibility.md
CLEANED   refs=14 footnotes=yes  volume_7_adjustment_of_status/part_q_rescission_of_lawful_permanent_residence/chapter_3_rescission_process.md
CLEANED   refs=1 footnotes=yes  volume_7_adjustment_of_status/part_q_rescission_of_lawful_permanent_residence/chapter_4_effective_date_of_rescission.md
CLEANED   refs=11 footnotes=yes  volume_7_adjustment_of_status/part_q_rescission_of_lawful_permanent_residence/chapter_5_adjudication_procedures.md
COPIED    refs=0 footnotes=no  volume_8_admissibility/part_b_health_related_grounds_of_inadmissibility/chapter_10_other_medical_conditions.md
CLEANED   refs=8 footnotes=yes  volume_8_admissibility/part_b_health_related_grounds_of_inadmissibility/chapter_11_inadmissibility_determination.md
CLEANED   refs=2 footnotes=yes  volume_8_admissibility/part_b_health_related_grounds_of_inadmissibility/chapter_12_waiver_authority.md
CLEANED   refs=11 footnotes=yes  volume_8_admissibility/part_b_health_related_grounds_of_inadmissibility/chapter_1_purpose_and_background.md
CLEANED   refs=5 footnotes=yes  volume_8_admissibility/part_b_health_related_grounds_of_inadmissibility/chapter_2_medical_examination_and_vaccination_record.md
CLEANED   refs=36 footnotes=yes  volume_8_admissibility/part_b_health_related_grounds_of_inadmissibility/chapter_3_applicability_of_medical_examination_and_vaccination_requirement.md
CLEANED   refs=30 footnotes=yes  volume_8_admissibility/part_b_health_related_grounds_of_inadmissibility/chapter_4_review_of_medical_examination_documentation.md
COPIED    refs=0 footnotes=no  volume_8_admissibility/part_b_health_related_grounds_of_inadmissibility/chapter_5_review_of_overall_findings.md
CLEANED   refs=9 footnotes=yes  volume_8_admissibility/part_b_health_related_grounds_of_inadmissibility/chapter_6_communicable_diseases_of_public_health_significance.md
CLEANED   refs=10 footnotes=yes  volume_8_admissibility/part_b_health_related_grounds_of_inadmissibility/chapter_7_physical_or_mental_disorder_with_associated_harmful_behavior.md
CLEANED   refs=6 footnotes=yes  volume_8_admissibility/part_b_health_related_grounds_of_inadmissibility/chapter_8_drug_abuse_or_drug_addiction.md
CLEANED   refs=23 footnotes=yes  volume_8_admissibility/part_b_health_related_grounds_of_inadmissibility/chapter_9_vaccination_requirement.md
CLEANED   refs=14 footnotes=yes  volume_8_admissibility/part_c_civil_surgeon_designation_and_revocation/chapter_1_purpose_and_background.md
CLEANED   refs=13 footnotes=yes  volume_8_admissibility/part_c_civil_surgeon_designation_and_revocation/chapter_2_application_for_civil_surgeon_designation.md
CLEANED   refs=15 footnotes=yes  volume_8_admissibility/part_c_civil_surgeon_designation_and_revocation/chapter_3_blanket_civil_surgeon_designation.md
CLEANED   refs=6 footnotes=yes  volume_8_admissibility/part_c_civil_surgeon_designation_and_revocation/chapter_4_termination_and_revocation.md
CLEANED   refs=2 footnotes=yes  volume_8_admissibility/part_c_civil_surgeon_designation_and_revocation/chapter_5_civil_surgeon_list.md
EXCLUDED    volume_8_admissibility/part_f_national_security_and_related_grounds_of_inadmissibility/chapter_1_purpose_and_background_reserved.md
EXCLUDED    volume_8_admissibility/part_f_national_security_and_related_grounds_of_inadmissibility/chapter_2_reserved.md
CLEANED   refs=70 footnotes=yes  volume_8_admissibility/part_f_national_security_and_related_grounds_of_inadmissibility/chapter_3_immigrant_membership_in_totalitarian_party.md
CLEANED   refs=38 footnotes=yes  volume_8_admissibility/part_g_public_charge_ground_of_inadmissibility/chapter_10_public_charge_bonds.md
CLEANED   refs=13 footnotes=yes  volume_8_admissibility/part_g_public_charge_ground_of_inadmissibility/chapter_11_public_charge_bonds_posting_and_accepting_bonds.md
CLEANED   refs=23 footnotes=yes  volume_8_admissibility/part_g_public_charge_ground_of_inadmissibility/chapter_12_public_charge_bonds_maintaining_substituting_and_canceling_bonds.md
CLEANED   refs=33 footnotes=yes  volume_8_admissibility/part_g_public_charge_ground_of_inadmissibility/chapter_1_purpose_and_background.md
CLEANED   refs=15 footnotes=yes  volume_8_admissibility/part_g_public_charge_ground_of_inadmissibility/chapter_2_definitions.md
CLEANED   refs=69 footnotes=yes  volume_8_admissibility/part_g_public_charge_ground_of_inadmissibility/chapter_3_applicability.md
CLEANED   refs=19 footnotes=yes  volume_8_admissibility/part_g_public_charge_ground_of_inadmissibility/chapter_4_prospective_determination_based_on_the_totality_of_the_circumstances.md
CLEANED   refs=26 footnotes=yes  volume_8_admissibility/part_g_public_charge_ground_of_inadmissibility/chapter_5_statutory_minimum_factors.md
CLEANED   refs=99 footnotes=yes  volume_8_admissibility/part_g_public_charge_ground_of_inadmissibility/chapter_6_affidavit_of_support_under_section_213a_of_the_ina.md
CLEANED   refs=44 footnotes=yes  volume_8_admissibility/part_g_public_charge_ground_of_inadmissibility/chapter_7_consideration_of_current_andor_past_receipt_of_public_cash_assistance_for_income_maintenance_or_long_term_institutionalization_at_government_expense.md
CLEANED   refs=5 footnotes=yes  volume_8_admissibility/part_g_public_charge_ground_of_inadmissibility/chapter_8_waivers_of_inadmissibility_based_on_public_charge_ground.md
CLEANED   refs=31 footnotes=yes  volume_8_admissibility/part_g_public_charge_ground_of_inadmissibility/chapter_9_adjudicating_public_charge_inadmissibility_for_adjustment_of_status_applications.md
CLEANED   refs=15 footnotes=yes  volume_8_admissibility/part_j_fraud_and_willful_misrepresentation/chapter_1_purpose_and_background.md
CLEANED   refs=14 footnotes=yes  volume_8_admissibility/part_j_fraud_and_willful_misrepresentation/chapter_2_overview_of_fraud_and_willful_misrepresentation.md
CLEANED   refs=45 footnotes=yes  volume_8_admissibility/part_j_fraud_and_willful_misrepresentation/chapter_3_adjudicating_inadmissibility.md
CLEANED   refs=18 footnotes=yes  volume_8_admissibility/part_k_false_claim_to_us_citizenship/chapter_1_purpose_and_background.md
CLEANED   refs=57 footnotes=yes  volume_8_admissibility/part_k_false_claim_to_us_citizenship/chapter_2_determining_false_claim_to_us_citizenship.md
CLEANED   refs=15 footnotes=yes  volume_8_admissibility/part_k_false_claim_to_us_citizenship/chapter_3_adjudication.md
CLEANED   refs=12 footnotes=yes  volume_8_admissibility/part_k_false_claim_to_us_citizenship/chapter_4_exemptions_exceptions_and_waivers.md
EXCLUDED    volume_8_admissibility/part_o_aliens_unlawfully_present/chapter_1_purpose_and_background_reserved.md
EXCLUDED    volume_8_admissibility/part_o_aliens_unlawfully_present/chapter_2_reserved.md
EXCLUDED    volume_8_admissibility/part_o_aliens_unlawfully_present/chapter_3_reserved.md
EXCLUDED    volume_8_admissibility/part_o_aliens_unlawfully_present/chapter_4_reserved.md
EXCLUDED    volume_8_admissibility/part_o_aliens_unlawfully_present/chapter_5_reserved.md
CLEANED   refs=8 footnotes=yes  volume_8_admissibility/part_o_aliens_unlawfully_present/chapter_6_effect_of_seeking_admission_following_accrual_of_unlawful_presence.md
CLEANED   refs=9 footnotes=yes  volume_9_waivers_and_other_forms_of_relief/part_a_waiver_policies_and_procedures/chapter_1_purpose_and_background.md
CLEANED   refs=4 footnotes=yes  volume_9_waivers_and_other_forms_of_relief/part_a_waiver_policies_and_procedures/chapter_2_forms_of_relief.md
CLEANED   refs=3 footnotes=yes  volume_9_waivers_and_other_forms_of_relief/part_a_waiver_policies_and_procedures/chapter_3_review_of_inadmissibility_grounds.md
CLEANED   refs=8 footnotes=yes  volume_9_waivers_and_other_forms_of_relief/part_a_waiver_policies_and_procedures/chapter_4_waiver_eligibility_and_evidence.md
CLEANED   refs=15 footnotes=yes  volume_9_waivers_and_other_forms_of_relief/part_a_waiver_policies_and_procedures/chapter_5_discretion.md
CLEANED   refs=22 footnotes=yes  volume_9_waivers_and_other_forms_of_relief/part_a_waiver_policies_and_procedures/chapter_6_validity_of_an_approved_waiver.md
CLEANED   refs=3 footnotes=yes  volume_9_waivers_and_other_forms_of_relief/part_a_waiver_policies_and_procedures/chapter_7_denials_appeals_and_motions.md
CLEANED   refs=14 footnotes=yes  volume_9_waivers_and_other_forms_of_relief/part_b_extreme_hardship/chapter_1_purpose_and_background.md
CLEANED   refs=7 footnotes=yes  volume_9_waivers_and_other_forms_of_relief/part_b_extreme_hardship/chapter_2_extreme_hardship_policy.md
CLEANED   refs=5 footnotes=yes  volume_9_waivers_and_other_forms_of_relief/part_b_extreme_hardship/chapter_3_adjudicating_extreme_hardship_claims.md
CLEANED   refs=24 footnotes=yes  volume_9_waivers_and_other_forms_of_relief/part_b_extreme_hardship/chapter_4_qualifying_relative.md
CLEANED   refs=23 footnotes=yes  volume_9_waivers_and_other_forms_of_relief/part_b_extreme_hardship/chapter_5_extreme_hardship_considerations_and_factors.md
CLEANED   refs=9 footnotes=yes  volume_9_waivers_and_other_forms_of_relief/part_b_extreme_hardship/chapter_6_extreme_hardship_determinations.md
CLEANED   refs=4 footnotes=yes  volume_9_waivers_and_other_forms_of_relief/part_b_extreme_hardship/chapter_7_discretion.md
CLEANED   refs=13 footnotes=yes  volume_9_waivers_and_other_forms_of_relief/part_d_health_related_grounds_of_inadmissibility/chapter_1_purpose_and_background.md
CLEANED   refs=14 footnotes=yes  volume_9_waivers_and_other_forms_of_relief/part_d_health_related_grounds_of_inadmissibility/chapter_2_waiver_of_communicable_disease_of_public_health_significance.md
CLEANED   refs=16 footnotes=yes  volume_9_waivers_and_other_forms_of_relief/part_d_health_related_grounds_of_inadmissibility/chapter_3_waiver_of_immigrant_vaccination_requirement.md
CLEANED   refs=8 footnotes=yes  volume_9_waivers_and_other_forms_of_relief/part_d_health_related_grounds_of_inadmissibility/chapter_4_waiver_of_physical_or_mental_disorder_accompanied_by_harmful_behavior.md
CLEANED   refs=1 footnotes=yes  volume_9_waivers_and_other_forms_of_relief/part_d_health_related_grounds_of_inadmissibility/chapter_5_waiver_of_drug_abuse_and_addiction.md
CLEANED   refs=30 footnotes=yes  volume_9_waivers_and_other_forms_of_relief/part_f_fraud_and_willful_misrepresentation/chapter_1_purpose_and_background.md
CLEANED   refs=6 footnotes=yes  volume_9_waivers_and_other_forms_of_relief/part_f_fraud_and_willful_misrepresentation/chapter_2_adjudication_of_fraud_and_willful_misrepresentation_waivers.md
CLEANED   refs=14 footnotes=no  volume_9_waivers_and_other_forms_of_relief/part_f_fraud_and_willful_misrepresentation/chapter_3_effect_of_granting_a_waiver.md
EXCLUDED    volume_9_waivers_and_other_forms_of_relief/part_o_victims_of_trafficking/chapter_1_purpose_and_background_reserved.md
CLEANED   refs=7 footnotes=yes  volume_9_waivers_and_other_forms_of_relief/part_o_victims_of_trafficking/chapter_2_waivers_for_victims_of_trafficking.md
CLEANED   refs=10 footnotes=yes  volume_9_waivers_and_other_forms_of_relief/part_o_victims_of_trafficking/chapter_3_ina_212d13_waivers.md
CLEANED   refs=6 footnotes=yes  volume_9_waivers_and_other_forms_of_relief/part_o_victims_of_trafficking/chapter_4_ina_212d3_waivers.md
CLEANED   refs=21 footnotes=yes  volume_9_waivers_and_other_forms_of_relief/part_o_victims_of_trafficking/chapter_5_waivers_for_t_nonimmigrants_applying_for_adjustment_of_status.md
CLEANED   refs=8 footnotes=yes  volume_9_waivers_and_other_forms_of_relief/part_o_victims_of_trafficking/chapter_6_adjudication_and_post_adjudication_matters.md

SUMMARY: total=494 excluded=48 cleaned=443 copied=3